CRITICAL - 2023-09-15 10:25:58 --> Undefined variable: jayanti
in APPPATH\Views\pages\dashboard.php on line 54.
 1 APPPATH\Views\pages\dashboard.php(54): CodeIgniter\Debug\Exceptions->errorHandler(8, 'Undefined variable: jayanti', 'D:\\WEB\\MAMP\\htdocs\\P\\app\\Views\\pages\\dashboard.php', 54, [])
 2 SYSTEMPATH\View\View.php(226): include('D:\\WEB\\MAMP\\htdocs\\P\\app\\Views\\pages\\dashboard.php')
 3 SYSTEMPATH\View\View.php(229): CodeIgniter\View\View->CodeIgniter\View\{closure}()
 4 SYSTEMPATH\Common.php(1188): CodeIgniter\View\View->render('pages/dashboard', [], true)
 5 APPPATH\Controllers\Pages.php(12): view('pages/dashboard')
 6 SYSTEMPATH\CodeIgniter.php(919): App\Controllers\Pages->index()
 7 SYSTEMPATH\CodeIgniter.php(494): CodeIgniter\CodeIgniter->runController(Object(App\Controllers\Pages))
 8 SYSTEMPATH\CodeIgniter.php(353): CodeIgniter\CodeIgniter->handleRequest(null, Object(Config\Cache), false)
 9 FCPATH\index.php(79): CodeIgniter\CodeIgniter->run()
10 SYSTEMPATH\Commands\Server\rewrite.php(47): require_once('D:\\WEB\\MAMP\\htdocs\\P\\public\\index.php')
INFO - 2023-09-15 10:26:51 --> Session: Class initialized using 'CodeIgniter\Session\Handlers\FileHandler' driver.
CRITICAL - 2023-09-15 11:11:56 --> date_default_timezone_set(): Timezone ID 'ID' is invalid
in APPPATH\Views\pages\dashboard.php on line 27.
 1 [internal function]: CodeIgniter\Debug\Exceptions->errorHandler(8, 'date_default_timezone_set(): Timezone ID \'ID\' is invalid', 'D:\\WEB\\MAMP\\htdocs\\P\\app\\Views\\pages\\dashboard.php', 27, [])
 2 APPPATH\Views\pages\dashboard.php(27): date_default_timezone_set('ID')
 3 SYSTEMPATH\View\View.php(226): include('D:\\WEB\\MAMP\\htdocs\\P\\app\\Views\\pages\\dashboard.php')
 4 SYSTEMPATH\View\View.php(229): CodeIgniter\View\View->CodeIgniter\View\{closure}()
 5 SYSTEMPATH\Common.php(1188): CodeIgniter\View\View->render('pages/dashboard', [], true)
 6 APPPATH\Controllers\Pages.php(12): view('pages/dashboard')
 7 SYSTEMPATH\CodeIgniter.php(919): App\Controllers\Pages->index()
 8 SYSTEMPATH\CodeIgniter.php(494): CodeIgniter\CodeIgniter->runController(Object(App\Controllers\Pages))
 9 SYSTEMPATH\CodeIgniter.php(353): CodeIgniter\CodeIgniter->handleRequest(null, Object(Config\Cache), false)
10 FCPATH\index.php(79): CodeIgniter\CodeIgniter->run()
11 SYSTEMPATH\Commands\Server\rewrite.php(47): require_once('D:\\WEB\\MAMP\\htdocs\\P\\public\\index.php')
